2024-03-22 18:11:08 [scrapy.utils.log] INFO: Scrapy 2.8.0 started (bot: BeijingAttractions)
2024-03-22 18:11:08 [scrapy.utils.log] INFO: Versions: lxml 4.9.2.0, libxml2 2.10.3, cssselect 1.1.0, parsel 1.6.0, w3lib 1.21.0, Twisted 22.10.0, Python 3.11.4 (main, Jul  5 2023, 08:54:11) [Clang 14.0.6 ], pyOpenSSL 23.2.0 (OpenSSL 1.1.1w  11 Sep 2023), cryptography 41.0.2, Platform macOS-14.4-arm64-i386-64bit
2024-03-22 18:11:08 [scrapy.crawler] INFO: Overridden settings:
{'BOT_NAME': 'BeijingAttractions',
 'DOWNLOAD_DELAY': 3,
 'FEED_EXPORT_ENCODING': 'utf-8',
 'LOG_FILE': 'log.log',
 'NEWSPIDER_MODULE': 'BeijingAttractions.spiders',
 'REQUEST_FINGERPRINTER_IMPLEMENTATION': '2.7',
 'ROBOTSTXT_OBEY': True,
 'SPIDER_MODULES': ['BeijingAttractions.spiders'],
 'TWISTED_REACTOR': 'twisted.internet.asyncioreactor.AsyncioSelectorReactor'}
2024-03-22 18:11:08 [asyncio] DEBUG: Using selector: KqueueSelector
2024-03-22 18:11:08 [scrapy.utils.log] DEBUG: Using reactor: twisted.internet.asyncioreactor.AsyncioSelectorReactor
2024-03-22 18:11:08 [scrapy.utils.log] DEBUG: Using asyncio event loop: asyncio.unix_events._UnixSelectorEventLoop
2024-03-22 18:11:08 [scrapy.extensions.telnet] INFO: Telnet Password: 0b6b31cf2341e1b8
2024-03-22 18:11:08 [scrapy.middleware] INFO: Enabled extensions:
['scrapy.extensions.corestats.CoreStats',
 'scrapy.extensions.telnet.TelnetConsole',
 'scrapy.extensions.memusage.MemoryUsage',
 'scrapy.extensions.logstats.LogStats']
2024-03-22 18:11:08 [scrapy.middleware] INFO: Enabled downloader middlewares:
['scrapy.downloadermiddlewares.robotstxt.RobotsTxtMiddleware',
 'scrapy.downloadermiddlewares.httpauth.HttpAuthMiddleware',
 'scrapy.downloadermiddlewares.downloadtimeout.DownloadTimeoutMiddleware',
 'scrapy.downloadermiddlewares.defaultheaders.DefaultHeadersMiddleware',
 'scrapy.downloadermiddlewares.useragent.UserAgentMiddleware',
 'scrapy.downloadermiddlewares.retry.RetryMiddleware',
 'scrapy.downloadermiddlewares.redirect.MetaRefreshMiddleware',
 'scrapy.downloadermiddlewares.httpcompression.HttpCompressionMiddleware',
 'scrapy.downloadermiddlewares.redirect.RedirectMiddleware',
 'scrapy.downloadermiddlewares.cookies.CookiesMiddleware',
 'scrapy.downloadermiddlewares.httpproxy.HttpProxyMiddleware',
 'scrapy.downloadermiddlewares.stats.DownloaderStats']
2024-03-22 18:11:08 [scrapy.middleware] INFO: Enabled spider middlewares:
['scrapy.spidermiddlewares.httperror.HttpErrorMiddleware',
 'scrapy.spidermiddlewares.offsite.OffsiteMiddleware',
 'scrapy.spidermiddlewares.referer.RefererMiddleware',
 'scrapy.spidermiddlewares.urllength.UrlLengthMiddleware',
 'scrapy.spidermiddlewares.depth.DepthMiddleware']
2024-03-22 18:11:08 [scrapy.middleware] INFO: Enabled item pipelines:
['BeijingAttractions.pipelines.BeijingAttractionsPipeline']
2024-03-22 18:11:08 [scrapy.core.engine] INFO: Spider opened
2024-03-22 18:11:08 [scrapy.extensions.logstats] INFO: Crawled 0 pages (at 0 pages/min), scraped 0 items (at 0 items/min)
2024-03-22 18:11:08 [scrapy.extensions.telnet] INFO: Telnet console listening on 127.0.0.1:6023
2024-03-22 18:11:09 [scrapy.core.engine] DEBUG: Crawled (200) <GET https://you.ctrip.com/robots.txt> (referer: None)
2024-03-22 18:11:14 [scrapy.core.engine] DEBUG: Crawled (200) <GET https://you.ctrip.com/sight/beijing1.html> (referer: None)
2024-03-22 18:11:14 [scrapy.core.scraper] DEBUG: Scraped from <200 https://you.ctrip.com/sight/beijing1.html>
{'address': '北京市通州区北京环球度假区',
 'comment': '',
 'hot_score': '10',
 'name': '北京环球度假区',
 'rating': '4.5',
 'review_count': 20949,
 'url': 'https://you.ctrip.com/sight/beijing1/2045497.html'}
2024-03-22 18:11:14 [scrapy.core.scraper] DEBUG: Scraped from <200 https://you.ctrip.com/sight/beijing1.html>
{'address': '北京市东城区景山前街4号',
 'comment': '',
 'hot_score': '10',
 'name': '故宫博物院',
 'rating': '4.8',
 'review_count': 148566,
 'url': 'https://you.ctrip.com/sight/beijing1/229.html'}
2024-03-22 18:11:14 [scrapy.core.scraper] DEBUG: Scraped from <200 https://you.ctrip.com/sight/beijing1.html>
{'address': '北京市延庆区G6京藏高速58号出口',
 'comment': '',
 'hot_score': '9.3',
 'name': '八达岭长城',
 'rating': '4.7',
 'review_count': 37936,
 'url': 'https://you.ctrip.com/sight/beijing1/230.html'}
2024-03-22 18:11:14 [scrapy.core.scraper] DEBUG: Scraped from <200 https://you.ctrip.com/sight/beijing1.html>
{'address': '北京市海淀区新建宫门路19号',
 'comment': '',
 'hot_score': '9.0',
 'name': '颐和园',
 'rating': '4.7',
 'review_count': 40564,
 'url': 'https://you.ctrip.com/sight/beijing1/231.html'}
2024-03-22 18:11:14 [scrapy.core.scraper] ERROR: Spider error processing <GET https://you.ctrip.com/sight/beijing1.html> (referer: None)
Traceback (most recent call last):
  File "/Users/lingxikeji/anaconda3/lib/python3.11/site-packages/scrapy/utils/defer.py", line 257, in iter_errback
    yield next(it)
          ^^^^^^^^
  File "/Users/lingxikeji/anaconda3/lib/python3.11/site-packages/scrapy/utils/python.py", line 312, in __next__
    return next(self.data)
           ^^^^^^^^^^^^^^^
  File "/Users/lingxikeji/anaconda3/lib/python3.11/site-packages/scrapy/utils/python.py", line 312, in __next__
    return next(self.data)
           ^^^^^^^^^^^^^^^
  File "/Users/lingxikeji/anaconda3/lib/python3.11/site-packages/scrapy/core/spidermw.py", line 104, in process_sync
    for r in iterable:
  File "/Users/lingxikeji/anaconda3/lib/python3.11/site-packages/scrapy/spidermiddlewares/offsite.py", line 28, in <genexpr>
    return (r for r in result or () if self._filter(r, spider))
           ^^^^^^^^^^^^^^^^^^^^^^^^^^^^^^^^^^^^^^^^^^^^^^^^^^^^
  File "/Users/lingxikeji/anaconda3/lib/python3.11/site-packages/scrapy/core/spidermw.py", line 104, in process_sync
    for r in iterable:
  File "/Users/lingxikeji/anaconda3/lib/python3.11/site-packages/scrapy/spidermiddlewares/referer.py", line 353, in <genexpr>
    return (self._set_referer(r, response) for r in result or ())
           ^^^^^^^^^^^^^^^^^^^^^^^^^^^^^^^^^^^^^^^^^^^^^^^^^^^^^^
  File "/Users/lingxikeji/anaconda3/lib/python3.11/site-packages/scrapy/core/spidermw.py", line 104, in process_sync
    for r in iterable:
  File "/Users/lingxikeji/anaconda3/lib/python3.11/site-packages/scrapy/spidermiddlewares/urllength.py", line 27, in <genexpr>
    return (r for r in result or () if self._filter(r, spider))
           ^^^^^^^^^^^^^^^^^^^^^^^^^^^^^^^^^^^^^^^^^^^^^^^^^^^^
  File "/Users/lingxikeji/anaconda3/lib/python3.11/site-packages/scrapy/core/spidermw.py", line 104, in process_sync
    for r in iterable:
  File "/Users/lingxikeji/anaconda3/lib/python3.11/site-packages/scrapy/spidermiddlewares/depth.py", line 31, in <genexpr>
    return (r for r in result or () if self._filter(r, response, spider))
           ^^^^^^^^^^^^^^^^^^^^^^^^^^^^^^^^^^^^^^^^^^^^^^^^^^^^^^^^^^^^^^
  File "/Users/lingxikeji/anaconda3/lib/python3.11/site-packages/scrapy/core/spidermw.py", line 104, in process_sync
    for r in iterable:
  File "/Users/lingxikeji/Desktop/DS/Tourist_KG/BeijingAttractions/BeijingAttractions/spiders/CtripBeijing.py", line 26, in parse
    item['comment'] = re.sub(r'\s+', '', sight.css('p.bottomcomment::text').get())
                      ^^^^^^^^^^^^^^^^^^^^^^^^^^^^^^^^^^^^^^^^^^^^^^^^^^^^^^^^^^^^
  File "/Users/lingxikeji/anaconda3/lib/python3.11/re/__init__.py", line 185, in sub
    return _compile(pattern, flags).sub(repl, string, count)
           ^^^^^^^^^^^^^^^^^^^^^^^^^^^^^^^^^^^^^^^^^^^^^^^^^
TypeError: expected string or bytes-like object, got 'NoneType'
2024-03-22 18:11:14 [scrapy.core.engine] INFO: Closing spider (finished)
2024-03-22 18:11:14 [scrapy.statscollectors] INFO: Dumping Scrapy stats:
{'downloader/request_bytes': 659,
 'downloader/request_count': 2,
 'downloader/request_method_count/GET': 2,
 'downloader/response_bytes': 180426,
 'downloader/response_count': 2,
 'downloader/response_status_count/200': 2,
 'elapsed_time_seconds': 5.99662,
 'finish_reason': 'finished',
 'finish_time': datetime.datetime(2024, 3, 22, 10, 11, 14, 471188),
 'httpcompression/response_bytes': 919186,
 'httpcompression/response_count': 2,
 'item_scraped_count': 4,
 'log_count/DEBUG': 9,
 'log_count/ERROR': 1,
 'log_count/INFO': 10,
 'memusage/max': 70778880,
 'memusage/startup': 70778880,
 'response_received_count': 2,
 'robotstxt/request_count': 1,
 'robotstxt/response_count': 1,
 'robotstxt/response_status_count/200': 1,
 'scheduler/dequeued': 1,
 'scheduler/dequeued/memory': 1,
 'scheduler/enqueued': 1,
 'scheduler/enqueued/memory': 1,
 'spider_exceptions/TypeError': 1,
 'start_time': datetime.datetime(2024, 3, 22, 10, 11, 8, 474568)}
2024-03-22 18:11:14 [scrapy.core.engine] INFO: Spider closed (finished)
2024-03-22 18:11:43 [scrapy.utils.log] INFO: Scrapy 2.8.0 started (bot: BeijingAttractions)
2024-03-22 18:11:43 [scrapy.utils.log] INFO: Versions: lxml 4.9.2.0, libxml2 2.10.3, cssselect 1.1.0, parsel 1.6.0, w3lib 1.21.0, Twisted 22.10.0, Python 3.11.4 (main, Jul  5 2023, 08:54:11) [Clang 14.0.6 ], pyOpenSSL 23.2.0 (OpenSSL 1.1.1w  11 Sep 2023), cryptography 41.0.2, Platform macOS-14.4-arm64-i386-64bit
2024-03-22 18:11:43 [scrapy.crawler] INFO: Overridden settings:
{'BOT_NAME': 'BeijingAttractions',
 'DOWNLOAD_DELAY': 3,
 'FEED_EXPORT_ENCODING': 'utf-8',
 'LOG_FILE': 'log.log',
 'NEWSPIDER_MODULE': 'BeijingAttractions.spiders',
 'REQUEST_FINGERPRINTER_IMPLEMENTATION': '2.7',
 'ROBOTSTXT_OBEY': True,
 'SPIDER_MODULES': ['BeijingAttractions.spiders'],
 'TWISTED_REACTOR': 'twisted.internet.asyncioreactor.AsyncioSelectorReactor'}
2024-03-22 18:11:43 [asyncio] DEBUG: Using selector: KqueueSelector
2024-03-22 18:11:43 [scrapy.utils.log] DEBUG: Using reactor: twisted.internet.asyncioreactor.AsyncioSelectorReactor
2024-03-22 18:11:43 [scrapy.utils.log] DEBUG: Using asyncio event loop: asyncio.unix_events._UnixSelectorEventLoop
2024-03-22 18:11:43 [scrapy.extensions.telnet] INFO: Telnet Password: 9dadbe4fcd44c66d
2024-03-22 18:11:43 [scrapy.middleware] INFO: Enabled extensions:
['scrapy.extensions.corestats.CoreStats',
 'scrapy.extensions.telnet.TelnetConsole',
 'scrapy.extensions.memusage.MemoryUsage',
 'scrapy.extensions.logstats.LogStats']
2024-03-22 18:11:43 [scrapy.middleware] INFO: Enabled downloader middlewares:
['scrapy.downloadermiddlewares.robotstxt.RobotsTxtMiddleware',
 'scrapy.downloadermiddlewares.httpauth.HttpAuthMiddleware',
 'scrapy.downloadermiddlewares.downloadtimeout.DownloadTimeoutMiddleware',
 'scrapy.downloadermiddlewares.defaultheaders.DefaultHeadersMiddleware',
 'scrapy.downloadermiddlewares.useragent.UserAgentMiddleware',
 'scrapy.downloadermiddlewares.retry.RetryMiddleware',
 'scrapy.downloadermiddlewares.redirect.MetaRefreshMiddleware',
 'scrapy.downloadermiddlewares.httpcompression.HttpCompressionMiddleware',
 'scrapy.downloadermiddlewares.redirect.RedirectMiddleware',
 'scrapy.downloadermiddlewares.cookies.CookiesMiddleware',
 'scrapy.downloadermiddlewares.httpproxy.HttpProxyMiddleware',
 'scrapy.downloadermiddlewares.stats.DownloaderStats']
2024-03-22 18:11:43 [scrapy.middleware] INFO: Enabled spider middlewares:
['scrapy.spidermiddlewares.httperror.HttpErrorMiddleware',
 'scrapy.spidermiddlewares.offsite.OffsiteMiddleware',
 'scrapy.spidermiddlewares.referer.RefererMiddleware',
 'scrapy.spidermiddlewares.urllength.UrlLengthMiddleware',
 'scrapy.spidermiddlewares.depth.DepthMiddleware']
2024-03-22 18:11:43 [scrapy.middleware] INFO: Enabled item pipelines:
['BeijingAttractions.pipelines.BeijingAttractionsPipeline']
2024-03-22 18:11:43 [scrapy.core.engine] INFO: Spider opened
2024-03-22 18:11:43 [scrapy.extensions.logstats] INFO: Crawled 0 pages (at 0 pages/min), scraped 0 items (at 0 items/min)
2024-03-22 18:11:43 [scrapy.extensions.telnet] INFO: Telnet console listening on 127.0.0.1:6023
2024-03-22 18:11:44 [scrapy.core.engine] DEBUG: Crawled (200) <GET https://you.ctrip.com/robots.txt> (referer: None)
2024-03-22 18:11:49 [scrapy.core.engine] DEBUG: Crawled (200) <GET https://you.ctrip.com/sight/beijing1.html> (referer: None)
2024-03-22 18:11:49 [scrapy.core.scraper] DEBUG: Scraped from <200 https://you.ctrip.com/sight/beijing1.html>
{'address': '北京市通州区北京环球度假区',
 'comment': '',
 'hot_score': '10',
 'name': '北京环球度假区',
 'rating': '4.5',
 'review_count': 20949,
 'url': 'https://you.ctrip.com/sight/beijing1/2045497.html'}
2024-03-22 18:11:49 [scrapy.core.scraper] DEBUG: Scraped from <200 https://you.ctrip.com/sight/beijing1.html>
{'address': '北京市东城区景山前街4号',
 'comment': '',
 'hot_score': '10',
 'name': '故宫博物院',
 'rating': '4.8',
 'review_count': 148566,
 'url': 'https://you.ctrip.com/sight/beijing1/229.html'}
2024-03-22 18:11:49 [scrapy.core.scraper] DEBUG: Scraped from <200 https://you.ctrip.com/sight/beijing1.html>
{'address': '北京市延庆区G6京藏高速58号出口',
 'comment': '',
 'hot_score': '9.3',
 'name': '八达岭长城',
 'rating': '4.7',
 'review_count': 37936,
 'url': 'https://you.ctrip.com/sight/beijing1/230.html'}
2024-03-22 18:11:49 [scrapy.core.scraper] DEBUG: Scraped from <200 https://you.ctrip.com/sight/beijing1.html>
{'address': '北京市海淀区新建宫门路19号',
 'comment': '',
 'hot_score': '9.0',
 'name': '颐和园',
 'rating': '4.7',
 'review_count': 40564,
 'url': 'https://you.ctrip.com/sight/beijing1/231.html'}
2024-03-22 18:11:49 [scrapy.core.scraper] DEBUG: Scraped from <200 https://you.ctrip.com/sight/beijing1.html>
{'address': '北京市东城区东长安街16号天安门广场东侧',
 'comment': None,
 'hot_score': '9.0',
 'name': '中国国家博物馆',
 'rating': None,
 'review_count': 0,
 'url': 'https://you.ctrip.com/sight/beijing1/62722.html'}
2024-03-22 18:11:49 [scrapy.core.scraper] DEBUG: Scraped from <200 https://you.ctrip.com/sight/beijing1.html>
{'address': '北京市西城区前海西街17号',
 'comment': '',
 'hot_score': '8.9',
 'name': '恭王府',
 'rating': '4.7',
 'review_count': 18605,
 'url': 'https://you.ctrip.com/sight/beijing1/5174.html'}
2024-03-22 18:11:49 [scrapy.core.scraper] DEBUG: Scraped from <200 https://you.ctrip.com/sight/beijing1.html>
{'address': '北京市东城区天坛路甲1号',
 'comment': '',
 'hot_score': '8.9',
 'name': '天坛',
 'rating': '4.6',
 'review_count': 13565,
 'url': 'https://you.ctrip.com/sight/beijing1/233.html'}
2024-03-22 18:11:49 [scrapy.core.scraper] DEBUG: Scraped from <200 https://you.ctrip.com/sight/beijing1.html>
{'address': '北京市怀柔区渤海镇慕田峪村',
 'comment': '',
 'hot_score': '8.5',
 'name': '慕田峪长城',
 'rating': '4.8',
 'review_count': 18256,
 'url': 'https://you.ctrip.com/sight/beijing1/243.html'}
2024-03-22 18:11:49 [scrapy.core.scraper] DEBUG: Scraped from <200 https://you.ctrip.com/sight/beijing1.html>
{'address': '北京市东城区长安街（天安门和正阳门之间）',
 'comment': None,
 'hot_score': '8.5',
 'name': '天安门广场',
 'rating': None,
 'review_count': 0,
 'url': 'https://you.ctrip.com/sight/beijing1/228.html'}
2024-03-22 18:11:49 [scrapy.core.scraper] DEBUG: Scraped from <200 https://you.ctrip.com/sight/beijing1.html>
{'address': '北京市海淀区清华西路28号',
 'comment': None,
 'hot_score': '8.4',
 'name': '圆明园',
 'rating': None,
 'review_count': 0,
 'url': 'https://you.ctrip.com/sight/beijing1/5208.html'}
2024-03-22 18:11:52 [scrapy.core.engine] DEBUG: Crawled (200) <GET https://you.ctrip.com/sight/beijing1/s0-p2.html> (referer: https://you.ctrip.com/sight/beijing1.html)
2024-03-22 18:11:52 [scrapy.core.scraper] DEBUG: Scraped from <200 https://you.ctrip.com/sight/beijing1/s0-p2.html>
{'address': '北京市西直门外大街137号',
 'comment': '',
 'hot_score': '8.3',
 'name': '北京动物园',
 'rating': '4.5',
 'review_count': 6053,
 'url': 'https://you.ctrip.com/sight/beijing1/5173.html'}
2024-03-22 18:11:52 [scrapy.core.scraper] DEBUG: Scraped from <200 https://you.ctrip.com/sight/beijing1/s0-p2.html>
{'address': '北京市朝阳区北辰东路5号',
 'comment': '',
 'hot_score': '8.1',
 'name': '中国科学技术馆',
 'rating': '4.6',
 'review_count': 5181,
 'url': 'https://you.ctrip.com/sight/beijing1/107625.html'}
2024-03-22 18:11:52 [scrapy.core.scraper] DEBUG: Scraped from <200 https://you.ctrip.com/sight/beijing1/s0-p2.html>
{'address': '北京市朝阳区北辰东路15号',
 'comment': None,
 'hot_score': '8.1',
 'name': '奥林匹克公园',
 'rating': None,
 'review_count': 0,
 'url': 'https://you.ctrip.com/sight/beijing1/140224.html'}
2024-03-22 18:11:52 [scrapy.core.scraper] DEBUG: Scraped from <200 https://you.ctrip.com/sight/beijing1/s0-p2.html>
{'address': '北京市大兴区榆垡镇永定河畔的万亩林',
 'comment': '',
 'hot_score': '8.1',
 'name': '北京野生动物园',
 'rating': '4.7',
 'review_count': 24089,
 'url': 'https://you.ctrip.com/sight/beijing1/107469.html'}
2024-03-22 18:11:52 [scrapy.core.scraper] DEBUG: Scraped from <200 https://you.ctrip.com/sight/beijing1/s0-p2.html>
{'address': '北京市朝阳区国家体育场南路1号',
 'comment': '',
 'hot_score': '7.9',
 'name': '鸟巢(国家体育场)',
 'rating': '4.6',
 'review_count': 2866,
 'url': 'https://you.ctrip.com/sight/beijing1/52626.html'}
2024-03-22 18:11:52 [scrapy.core.scraper] DEBUG: Scraped from <200 https://you.ctrip.com/sight/beijing1/s0-p2.html>
{'address': '北京市西城区东起地安门外大街北侧、南至新街口北大街、西至新街口豁口、北至钟、鼓楼的区域',
 'comment': '',
 'hot_score': '7.9',
 'name': '什刹海',
 'rating': '4.7',
 'review_count': 2088,
 'url': 'https://you.ctrip.com/sight/beijing1/140172.html'}
2024-03-22 18:11:52 [scrapy.core.scraper] DEBUG: Scraped from <200 https://you.ctrip.com/sight/beijing1/s0-p2.html>
{'address': '北京市密云区古北口镇司马台村古北水镇（京承高速24号司马台长城出口）',
 'comment': '',
 'hot_score': '7.8',
 'name': '古北水镇',
 'rating': '4.7',
 'review_count': 13082,
 'url': 'https://you.ctrip.com/sight/beijing1/1411592.html'}
2024-03-22 18:11:52 [scrapy.core.scraper] DEBUG: Scraped from <200 https://you.ctrip.com/sight/beijing1/s0-p2.html>
{'address': '北京市海淀区复兴路9号',
 'comment': None,
 'hot_score': '7.8',
 'name': '中国人民革命军事博物馆',
 'rating': None,
 'review_count': 0,
 'url': 'https://you.ctrip.com/sight/beijing1/62723.html'}
2024-03-22 18:11:52 [scrapy.core.scraper] DEBUG: Scraped from <200 https://you.ctrip.com/sight/beijing1/s0-p2.html>
{'address': '北京市昌平区十三陵镇昌赤路',
 'comment': '',
 'hot_score': '7.8',
 'name': '明十三陵',
 'rating': '4.5',
 'review_count': 4052,
 'url': 'https://you.ctrip.com/sight/beijing1/234.html'}
2024-03-22 18:11:52 [scrapy.core.scraper] DEBUG: Scraped from <200 https://you.ctrip.com/sight/beijing1/s0-p2.html>
{'address': '北京市西城区景山前街景山公园',
 'comment': '',
 'hot_score': '7.7',
 'name': '景山公园',
 'rating': '4.7',
 'review_count': 3191,
 'url': 'https://you.ctrip.com/sight/beijing1/5170.html'}
2024-03-22 18:11:56 [scrapy.core.engine] DEBUG: Crawled (200) <GET https://you.ctrip.com/sight/beijing1/s0-p3.html> (referer: https://you.ctrip.com/sight/beijing1/s0-p2.html)
2024-03-22 18:11:56 [scrapy.core.scraper] DEBUG: Scraped from <200 https://you.ctrip.com/sight/beijing1/s0-p3.html>
{'address': '北京市东城区雍和宫大街12号',
 'comment': '',
 'hot_score': '7.7',
 'name': '雍和宫',
 'rating': '4.7',
 'review_count': 1897,
 'url': 'https://you.ctrip.com/sight/beijing1/5153.html'}
2024-03-22 18:11:56 [scrapy.core.scraper] DEBUG: Scraped from <200 https://you.ctrip.com/sight/beijing1/s0-p3.html>
{'address': '东城区天桥南大街126号',
 'comment': '',
 'hot_score': '7.6',
 'name': '国家自然博物馆',
 'rating': '4.6',
 'review_count': 1171,
 'url': 'https://you.ctrip.com/sight/beijing1/5181.html'}
2024-03-22 18:11:56 [scrapy.core.scraper] DEBUG: Scraped from <200 https://you.ctrip.com/sight/beijing1/s0-p3.html>
{'address': '北京市海淀区高粱桥斜街乙18号',
 'comment': '',
 'hot_score': '7.6',
 'name': '北京海洋馆',
 'rating': '4.4',
 'review_count': 5316,
 'url': 'https://you.ctrip.com/sight/beijing1/52674.html'}
2024-03-22 18:11:56 [scrapy.core.scraper] DEBUG: Scraped from <200 https://you.ctrip.com/sight/beijing1/s0-p3.html>
{'address': '北京市朝阳区东四环小武基北路(欢乐谷景区地铁站B东北口步行170米)',
 'comment': '',
 'hot_score': '7.6',
 'name': '北京欢乐谷',
 'rating': '4.7',
 'review_count': 15394,
 'url': 'https://you.ctrip.com/sight/beijing1/57491.html'}
2024-03-22 18:11:56 [scrapy.core.scraper] DEBUG: Scraped from <200 https://you.ctrip.com/sight/beijing1/s0-p3.html>
{'address': '北京市西城区西长安街2号',
 'comment': '',
 'hot_score': '7.5',
 'name': '国家大剧院',
 'rating': '4.7',
 'review_count': 1754,
 'url': 'https://you.ctrip.com/sight/beijing1/54179.html'}
2024-03-22 18:11:56 [scrapy.core.scraper] DEBUG: Scraped from <200 https://you.ctrip.com/sight/beijing1/s0-p3.html>
{'address': '西城区西四羊肉胡同15号',
 'comment': '',
 'hot_score': '7.5',
 'name': '中国地质博物馆',
 'rating': '4.7',
 'review_count': 2475,
 'url': 'https://you.ctrip.com/sight/beijing1/62726.html'}
2024-03-22 18:11:56 [scrapy.core.scraper] DEBUG: Scraped from <200 https://you.ctrip.com/sight/beijing1/s0-p3.html>
{'address': '西城区西直门外大街138号（动物园对面）',
 'comment': '',
 'hot_score': '7.5',
 'name': '北京天文馆',
 'rating': '4.5',
 'review_count': 995,
 'url': 'https://you.ctrip.com/sight/beijing1/52676.html'}
2024-03-22 18:11:56 [scrapy.core.scraper] DEBUG: Scraped from <200 https://you.ctrip.com/sight/beijing1/s0-p3.html>
{'address': '北京市东城区南锣鼓巷胡同',
 'comment': '',
 'hot_score': '7.4',
 'name': '南锣鼓巷',
 'rating': '4.5',
 'review_count': 3220,
 'url': 'https://you.ctrip.com/sight/beijing1/64955.html'}
2024-03-22 18:11:56 [scrapy.core.scraper] DEBUG: Scraped from <200 https://you.ctrip.com/sight/beijing1/s0-p3.html>
{'address': '北京市西城区文津街1号',
 'comment': '',
 'hot_score': '7.4',
 'name': '北海公园',
 'rating': '4.7',
 'review_count': 3835,
 'url': 'https://you.ctrip.com/sight/beijing1/232.html'}
2024-03-22 18:11:56 [scrapy.core.scraper] DEBUG: Scraped from <200 https://you.ctrip.com/sight/beijing1/s0-p3.html>
{'address': '北京市海淀区买卖街40号\u200e',
 'comment': '',
 'hot_score': '7.2',
 'name': '香山公园',
 'rating': '4.7',
 'review_count': 5200,
 'url': 'https://you.ctrip.com/sight/beijing1/235.html'}
2024-03-22 18:12:01 [scrapy.core.engine] DEBUG: Crawled (200) <GET https://you.ctrip.com/sight/beijing1/s0-p4.html> (referer: https://you.ctrip.com/sight/beijing1/s0-p3.html)
2024-03-22 18:12:01 [scrapy.core.scraper] DEBUG: Scraped from <200 https://you.ctrip.com/sight/beijing1/s0-p4.html>
{'address': '北京市朝阳区天辰东路11号',
 'comment': '',
 'hot_score': '7.1',
 'name': '水立方(国家游泳中心)',
 'rating': '4.5',
 'review_count': 1603,
 'url': 'https://you.ctrip.com/sight/beijing1/52627.html'}
2024-03-22 18:12:01 [scrapy.core.scraper] DEBUG: Scraped from <200 https://you.ctrip.com/sight/beijing1/s0-p4.html>
{'address': '北京市昌平区南口镇居庸关村',
 'comment': '',
 'hot_score': '7.0',
 'name': '居庸关长城',
 'rating': '4.8',
 'review_count': 2292,
 'url': 'https://you.ctrip.com/sight/beijing1/5316.html'}
2024-03-22 18:12:01 [scrapy.core.scraper] DEBUG: Scraped from <200 https://you.ctrip.com/sight/beijing1/s0-p4.html>
{'address': '北京市丰台区南四环西路126号',
 'comment': '',
 'hot_score': '6.9',
 'name': '北京汽车博物馆',
 'rating': '4.7',
 'review_count': 5160,
 'url': 'https://you.ctrip.com/sight/beijing1/107839.html'}
2024-03-22 18:12:01 [scrapy.core.scraper] DEBUG: Scraped from <200 https://you.ctrip.com/sight/beijing1/s0-p4.html>
{'address': '东城区东长安街天安门广场北侧',
 'comment': None,
 'hot_score': '6.9',
 'name': '天安门城楼',
 'rating': None,
 'review_count': 0,
 'url': 'https://you.ctrip.com/sight/beijing1/52666.html'}
2024-03-22 18:12:01 [scrapy.core.scraper] DEBUG: Scraped from <200 https://you.ctrip.com/sight/beijing1/s0-p4.html>
{'address': '北京市丰台区花乡丰葆路158号',
 'comment': '',
 'hot_score': '6.8',
 'name': '世界公园',
 'rating': '4.3',
 'review_count': 4251,
 'url': 'https://you.ctrip.com/sight/beijing1/5265.html'}
2024-03-22 18:12:01 [scrapy.core.scraper] DEBUG: Scraped from <200 https://you.ctrip.com/sight/beijing1/s0-p4.html>
{'address': '北京市东城区前门大街',
 'comment': '',
 'hot_score': '6.8',
 'name': '前门大街',
 'rating': '4.6',
 'review_count': 1287,
 'url': 'https://you.ctrip.com/sight/beijing1/107634.html'}
2024-03-22 18:12:01 [scrapy.core.scraper] DEBUG: Scraped from <200 https://you.ctrip.com/sight/beijing1/s0-p4.html>
{'address': '北京市东城区东长安街北侧',
 'comment': '',
 'hot_score': '6.8',
 'name': '王府井',
 'rating': '4.5',
 'review_count': 1396,
 'url': 'https://you.ctrip.com/sight/beijing1/54198.html'}
2024-03-22 18:12:01 [scrapy.core.scraper] DEBUG: Scraped from <200 https://you.ctrip.com/sight/beijing1/s0-p4.html>
{'address': '西城区南菜园街12号',
 'comment': '',
 'hot_score': '6.8',
 'name': '北京大观园',
 'rating': '4.6',
 'review_count': 2124,
 'url': 'https://you.ctrip.com/sight/beijing1/238.html'}
2024-03-22 18:12:01 [scrapy.core.scraper] DEBUG: Scraped from <200 https://you.ctrip.com/sight/beijing1/s0-p4.html>
{'address': '西城区前门大街大栅栏街6号',
 'comment': '',
 'hot_score': '6.8',
 'name': '大栅栏',
 'rating': '4.6',
 'review_count': 737,
 'url': 'https://you.ctrip.com/sight/beijing1/54196.html'}
2024-03-22 18:12:01 [scrapy.core.scraper] DEBUG: Scraped from <200 https://you.ctrip.com/sight/beijing1/s0-p4.html>
{'address': '故宫博物院宁寿宫内',
 'comment': '',
 'hot_score': '6.7',
 'name': '故宫珍宝馆',
 'rating': '4.8',
 'review_count': 483,
 'url': 'https://you.ctrip.com/sight/beijing1/145148.html'}
2024-03-22 18:12:03 [scrapy.crawler] INFO: Received SIGINT, shutting down gracefully. Send again to force 
2024-03-22 18:12:03 [scrapy.core.engine] INFO: Closing spider (shutdown)
2024-03-22 18:12:04 [scrapy.core.engine] DEBUG: Crawled (200) <GET https://you.ctrip.com/sight/beijing1/s0-p5.html> (referer: https://you.ctrip.com/sight/beijing1/s0-p4.html)
2024-03-22 18:12:05 [scrapy.core.scraper] DEBUG: Scraped from <200 https://you.ctrip.com/sight/beijing1/s0-p5.html>
{'address': '东城区前门东大街11号',
 'comment': None,
 'hot_score': '6.7',
 'name': '毛主席纪念堂',
 'rating': None,
 'review_count': 0,
 'url': 'https://you.ctrip.com/sight/beijing1/54291.html'}
2024-03-22 18:12:05 [scrapy.core.scraper] DEBUG: Scraped from <200 https://you.ctrip.com/sight/beijing1/s0-p5.html>
{'address': '北京市东城区前门大街18号',
 'comment': '',
 'hot_score': '6.6',
 'name': '北京杜莎夫人蜡像馆',
 'rating': '4.7',
 'review_count': 3194,
 'url': 'https://you.ctrip.com/sight/beijing1/1409606.html'}
2024-03-22 18:12:05 [scrapy.core.scraper] DEBUG: Scraped from <200 https://you.ctrip.com/sight/beijing1/s0-p5.html>
{'address': '北京市延庆区八达岭镇八达岭旅游区',
 'comment': '',
 'hot_score': '6.5',
 'name': '八达岭野生动物世界',
 'rating': '4.1',
 'review_count': 4703,
 'url': 'https://you.ctrip.com/sight/beijing1/107837.html'}
2024-03-22 18:12:05 [scrapy.core.scraper] DEBUG: Scraped from <200 https://you.ctrip.com/sight/beijing1/s0-p5.html>
{'address': '北京市东城区安定门内国子监街15号',
 'comment': '',
 'hot_score': '6.5',
 'name': '孔庙和国子监博物馆',
 'rating': '4.7',
 'review_count': 760,
 'url': 'https://you.ctrip.com/sight/beijing1/1485193.html'}
2024-03-22 18:12:05 [scrapy.core.scraper] DEBUG: Scraped from <200 https://you.ctrip.com/sight/beijing1/s0-p5.html>
{'address': '北京市西城区前门西大街正阳市场3号楼',
 'comment': '',
 'hot_score': '6.4',
 'name': '老舍茶馆',
 'rating': '4.6',
 'review_count': 904,
 'url': 'https://you.ctrip.com/sight/beijing1/65352.html'}
2024-03-22 18:12:05 [scrapy.core.scraper] DEBUG: Scraped from <200 https://you.ctrip.com/sight/beijing1/s0-p5.html>
{'address': '北京市西城区北纬路甲1号',
 'comment': '',
 'hot_score': '6.4',
 'name': '德云社剧场',
 'rating': '4.6',
 'review_count': 151,
 'url': 'https://you.ctrip.com/sight/beijing1/139631.html'}
2024-03-22 18:12:05 [scrapy.core.scraper] DEBUG: Scraped from <200 https://you.ctrip.com/sight/beijing1/s0-p5.html>
{'address': '北京市西城区复兴门外大街16号',
 'comment': '',
 'hot_score': '6.4',
 'name': '首都博物馆',
 'rating': '4.8',
 'review_count': 859,
 'url': 'https://you.ctrip.com/sight/beijing1/5159.html'}
2024-03-22 18:12:05 [scrapy.core.scraper] DEBUG: Scraped from <200 https://you.ctrip.com/sight/beijing1/s0-p5.html>
{'address': '北京市密云区河南寨镇圣水头村',
 'comment': '',
 'hot_score': '6.4',
 'name': '南山滑雪场',
 'rating': '4.7',
 'review_count': 1731,
 'url': 'https://you.ctrip.com/sight/beijing1/18606.html'}
2024-03-22 18:12:05 [scrapy.core.scraper] DEBUG: Scraped from <200 https://you.ctrip.com/sight/beijing1/s0-p5.html>
{'address': '北京市东城区王府井大街88号银泰in88二层',
 'comment': '',
 'hot_score': '6.4',
 'name': '北京独角兽星空艺术馆',
 'rating': '3.9',
 'review_count': 462,
 'url': 'https://you.ctrip.com/sight/beijing1/5661341.html'}
2024-03-22 18:12:05 [scrapy.core.scraper] DEBUG: Scraped from <200 https://you.ctrip.com/sight/beijing1/s0-p5.html>
{'address': '北京市怀柔区九渡河镇西水峪',
 'comment': '',
 'hot_score': '6.3',
 'name': '黄花城水长城',
 'rating': '4.7',
 'review_count': 3436,
 'url': 'https://you.ctrip.com/sight/beijing1/62704.html'}
2024-03-22 18:12:05 [scrapy.statscollectors] INFO: Dumping Scrapy stats:
{'downloader/request_bytes': 2609,
 'downloader/request_count': 6,
 'downloader/request_method_count/GET': 6,
 'downloader/response_bytes': 908750,
 'downloader/response_count': 6,
 'downloader/response_status_count/200': 6,
 'elapsed_time_seconds': 21.712062,
 'finish_reason': 'shutdown',
 'finish_time': datetime.datetime(2024, 3, 22, 10, 12, 5, 163478),
 'httpcompression/response_bytes': 4606569,
 'httpcompression/response_count': 6,
 'item_scraped_count': 50,
 'log_count/DEBUG': 59,
 'log_count/INFO': 11,
 'memusage/max': 70795264,
 'memusage/startup': 70795264,
 'request_depth_max': 5,
 'response_received_count': 6,
 'robotstxt/request_count': 1,
 'robotstxt/response_count': 1,
 'robotstxt/response_status_count/200': 1,
 'scheduler/dequeued': 5,
 'scheduler/dequeued/memory': 5,
 'scheduler/enqueued': 6,
 'scheduler/enqueued/memory': 6,
 'start_time': datetime.datetime(2024, 3, 22, 10, 11, 43, 451416)}
2024-03-22 18:12:05 [scrapy.core.engine] INFO: Spider closed (shutdown)
